# JRE version: OpenJDK Runtime Environment (21.0.6) (build 21.0.6+-13368085-b895.109)
# Java VM: OpenJDK 64-Bit Server VM (21.0.6+-13368085-b895.109, mixed mode, tiered, compressed oops, compressed class ptrs, g1 gc, windows-amd64)
GC Precious Log:
 CardTable entry size: 512
 Card Set container configuration: InlinePtr #cards 5 size 8 Array Of Cards #cards 12 size 40 Howl #buckets 4 coarsen threshold 1843 Howl Bitmap #cards 512 size 80 coarsen threshold 460 Card regions per heap region 1 cards per card region 2048
 CPUs: 12 total, 12 available
 Memory: 5985M
 Large Page Support: Disabled
 NUMA Support: Disabled
 Compressed Oops: Enabled (32-bit)
 Heap Region Size: 1M
 Heap Min Capacity: 8M
 Heap Initial Capacity: 94M
 Heap Max Capacity: 2G
 Pre-touch: Disabled
 Parallel Workers: 10
 Concurrent Workers: 3
 Concurrent Refinement Workers: 10
 Periodic GC: Disabled
Heap:
 garbage-first heap   total 285696K, used 270863K [0x0000000080000000, 0x0000000100000000)
  region size 1024K, 104 young (106496K), 11 survivors (11264K)
 Metaspace       used 148607K, committed 150912K, reserved 1179648K
  class space    used 20496K, committed 21632K, reserved 1048576K
GC Heap History (20 events):
Event: 33.254 GC heap before
{Heap before GC invocations=46 (full 0):
 garbage-first heap   total 234496K, used 180593K [0x0000000080000000, 0x0000000100000000)
  region size 1024K, 45 young (46080K), 4 survivors (4096K)
 Metaspace       used 114770K, committed 117056K, reserved 1179648K
  class space    used 15426K, committed 16576K, reserved 1048576K
}
Event: 33.261 GC heap after
{Heap after GC invocations=47 (full 0):
 garbage-first heap   total 234496K, used 143253K [0x0000000080000000, 0x0000000100000000)
  region size 1024K, 4 young (4096K), 4 survivors (4096K)
 Metaspace       used 114770K, committed 117056K, reserved 1179648K
  class space    used 15426K, committed 16576K, reserved 1048576K
}
Event: 33.814 GC heap before
{Heap before GC invocations=47 (full 0):
 garbage-first heap   total 234496K, used 203669K [0x0000000080000000, 0x0000000100000000)
  region size 1024K, 64 young (65536K), 4 survivors (4096K)
 Metaspace       used 114810K, committed 117056K, reserved 1179648K
  class space    used 15428K, committed 16576K, reserved 1048576K
}
Event: 33.820 GC heap after
{Heap after GC invocations=48 (full 0):
 garbage-first heap   total 234496K, used 142366K [0x0000000080000000, 0x0000000100000000)
  region size 1024K, 6 young (6144K), 6 survivors (6144K)
 Metaspace       used 114810K, committed 117056K, reserved 1179648K
  class space    used 15428K, committed 16576K, reserved 1048576K
}
Event: 34.212 GC heap before
{Heap before GC invocations=48 (full 0):
 garbage-first heap   total 234496K, used 162846K [0x0000000080000000, 0x0000000100000000)
  region size 1024K, 28 young (28672K), 6 survivors (6144K)
 Metaspace       used 115036K, committed 117312K, reserved 1179648K
  class space    used 15454K, committed 16576K, reserved 1048576K
}
Event: 34.219 GC heap after
{Heap after GC invocations=49 (full 0):
 garbage-first heap   total 234496K, used 142879K [0x0000000080000000, 0x0000000100000000)
  region size 1024K, 5 young (5120K), 5 survivors (5120K)
 Metaspace       used 115036K, committed 117312K, reserved 1179648K
  class space    used 15454K, committed 16576K, reserved 1048576K
}
Event: 36.307 GC heap before
{Heap before GC invocations=50 (full 0):
 garbage-first heap   total 244736K, used 209439K [0x0000000080000000, 0x0000000100000000)
  region size 1024K, 69 young (70656K), 5 survivors (5120K)
 Metaspace       used 120132K, committed 122368K, reserved 1179648K
  class space    used 16265K, committed 17344K, reserved 1048576K
}
Event: 36.326 GC heap after
{Heap after GC invocations=51 (full 0):
 garbage-first heap   total 244736K, used 150505K [0x0000000080000000, 0x0000000100000000)
  region size 1024K, 9 young (9216K), 9 survivors (9216K)
 Metaspace       used 120132K, committed 122368K, reserved 1179648K
  class space    used 16265K, committed 17344K, reserved 1048576K
}
Event: 38.169 GC heap before
{Heap before GC invocations=51 (full 0):
 garbage-first heap   total 244736K, used 220137K [0x0000000080000000, 0x0000000100000000)
  region size 1024K, 78 young (79872K), 9 survivors (9216K)
 Metaspace       used 128349K, committed 130624K, reserved 1179648K
  class space    used 17732K, committed 18816K, reserved 1048576K
}
Event: 38.192 GC heap after
{Heap after GC invocations=52 (full 0):
 garbage-first heap   total 244736K, used 139904K [0x0000000080000000, 0x0000000100000000)
  region size 1024K, 7 young (7168K), 7 survivors (7168K)
 Metaspace       used 128349K, committed 130624K, reserved 1179648K
  class space    used 17732K, committed 18816K, reserved 1048576K
}
Event: 38.848 GC heap before
{Heap before GC invocations=52 (full 0):
 garbage-first heap   total 244736K, used 210560K [0x0000000080000000, 0x0000000100000000)
  region size 1024K, 77 young (78848K), 7 survivors (7168K)
 Metaspace       used 132675K, committed 134976K, reserved 1179648K
  class space    used 18413K, committed 19520K, reserved 1048576K
}
Event: 38.864 GC heap after
{Heap after GC invocations=53 (full 0):
 garbage-first heap   total 244736K, used 141629K [0x0000000080000000, 0x0000000100000000)
  region size 1024K, 2 young (2048K), 2 survivors (2048K)
 Metaspace       used 132675K, committed 134976K, reserved 1179648K
  class space    used 18413K, committed 19520K, reserved 1048576K
}
Event: 40.170 GC heap before
{Heap before GC invocations=54 (full 0):
 garbage-first heap   total 244736K, used 218429K [0x0000000080000000, 0x0000000100000000)
  region size 1024K, 79 young (80896K), 2 survivors (2048K)
 Metaspace       used 136553K, committed 138880K, reserved 1179648K
  class space    used 19021K, committed 20160K, reserved 1048576K
}
Event: 40.181 GC heap after
{Heap after GC invocations=55 (full 0):
 garbage-first heap   total 244736K, used 143100K [0x0000000080000000, 0x0000000100000000)
  region size 1024K, 6 young (6144K), 6 survivors (6144K)
 Metaspace       used 136553K, committed 138880K, reserved 1179648K
  class space    used 19021K, committed 20160K, reserved 1048576K
}
Event: 41.483 GC heap before
{Heap before GC invocations=55 (full 0):
 garbage-first heap   total 244736K, used 225020K [0x0000000080000000, 0x0000000100000000)
  region size 1024K, 84 young (86016K), 6 survivors (6144K)
 Metaspace       used 141887K, committed 144256K, reserved 1179648K
  class space    used 19761K, committed 20928K, reserved 1048576K
}
Event: 41.495 GC heap after
{Heap after GC invocations=56 (full 0):
 garbage-first heap   total 244736K, used 142156K [0x0000000080000000, 0x0000000100000000)
  region size 1024K, 9 young (9216K), 9 survivors (9216K)
 Metaspace       used 141887K, committed 144256K, reserved 1179648K
  class space    used 19761K, committed 20928K, reserved 1048576K
}
Event: 41.805 GC heap before
{Heap before GC invocations=56 (full 0):
 garbage-first heap   total 244736K, used 153420K [0x0000000080000000, 0x0000000100000000)
  region size 1024K, 22 young (22528K), 9 survivors (9216K)
 Metaspace       used 143382K, committed 145728K, reserved 1179648K
  class space    used 19940K, committed 21120K, reserved 1048576K
}
Event: 41.817 GC heap after
{Heap after GC invocations=57 (full 0):
 garbage-first heap   total 244736K, used 143251K [0x0000000080000000, 0x0000000100000000)
  region size 1024K, 5 young (5120K), 5 survivors (5120K)
 Metaspace       used 143382K, committed 145728K, reserved 1179648K
  class space    used 19940K, committed 21120K, reserved 1048576K
}
Event: 249.811 GC heap before
{Heap before GC invocations=58 (full 0):
 garbage-first heap   total 285696K, used 248723K [0x0000000080000000, 0x0000000100000000)
  region size 1024K, 83 young (84992K), 5 survivors (5120K)
 Metaspace       used 146468K, committed 148800K, reserved 1179648K
  class space    used 20287K, committed 21440K, reserved 1048576K
}
Event: 249.922 GC heap after
{Heap after GC invocations=59 (full 0):
 garbage-first heap   total 285696K, used 149007K [0x0000000080000000, 0x0000000100000000)
  region size 1024K, 11 young (11264K), 11 survivors (11264K)
 Metaspace       used 146468K, committed 148800K, reserved 1179648K
  class space    used 20287K, committed 21440K, reserved 1048576K
}

